[    2378ms] [INFO] Slow network is detected. See https://www.chromestatus.com/feature/5636954674692096 for more details. Fallback font will be used while loading: https://my.racknerd.com/templates/racknerdv851/files/fonts/metropolis-bold-webfont.woff2 @ https://my.racknerd.com/index.php?rp=/login:0
[    2378ms] [INFO] Slow network is detected. See https://www.chromestatus.com/feature/5636954674692096 for more details. Fallback font will be used while loading: https://my.racknerd.com/templates/racknerdv851/files/fonts/metropolis-light-webfont.woff2 @ https://my.racknerd.com/index.php?rp=/login:0
[    2378ms] [INFO] Slow network is detected. See https://www.chromestatus.com/feature/5636954674692096 for more details. Fallback font will be used while loading: https://my.racknerd.com/templates/racknerdv851/files/fonts/metropolis-regular-webfont.woff2 @ https://my.racknerd.com/index.php?rp=/login:0
[    2379ms] [INFO] Slow network is detected. See https://www.chromestatus.com/feature/5636954674692096 for more details. Fallback font will be used while loading: https://fonts.gstatic.com/s/raleway/v37/1Ptug8zYS_SKggPNyC0IT4ttDfA.woff2 @ https://my.racknerd.com/index.php?rp=/login:0
[    2379ms] [INFO] Slow network is detected. See https://www.chromestatus.com/feature/5636954674692096 for more details. Fallback font will be used while loading: https://fonts.gstatic.com/s/opensans/v44/memvYaGs126MiZpBA-UvWbX2vVnXBbObj2OVTS-mu0SC55I.woff2 @ https://my.racknerd.com/index.php?rp=/login:0
[    2379ms] [INFO] Slow network is detected. See https://www.chromestatus.com/feature/5636954674692096 for more details. Fallback font will be used while loading: https://my.racknerd.com/templates/racknerdv851/files/fonts/metropolis-medium-webfont.woff2 @ https://my.racknerd.com/index.php?rp=/login:0
[    3586ms] [ERROR] Access to script at 'https://embed.tawk.to/5dd899b3d96992700fc8d446/default' from origin 'https://my.racknerd.com' has been blocked by CORS policy: No 'Access-Control-Allow-Origin' header is present on the requested resource. @ https://my.racknerd.com/index.php?rp=/login:0
[    3586ms] [ERROR] Failed to load resource: net::ERR_FAILED @ https://embed.tawk.to/5dd899b3d96992700fc8d446/default:0
[   65561ms] [ERROR] Access to script at 'https://embed.tawk.to/5dd899b3d96992700fc8d446/default' from origin 'https://my.racknerd.com' has been blocked by CORS policy: No 'Access-Control-Allow-Origin' header is present on the requested resource. @ https://my.racknerd.com/clientarea.php:0
[   65561ms] [ERROR] Failed to load resource: net::ERR_FAILED @ https://embed.tawk.to/5dd899b3d96992700fc8d446/default:0
[   74177ms] [ERROR] Access to script at 'https://embed.tawk.to/5dd899b3d96992700fc8d446/default' from origin 'https://my.racknerd.com' has been blocked by CORS policy: No 'Access-Control-Allow-Origin' header is present on the requested resource. @ https://my.racknerd.com/clientarea.php?action=services:0
[   74177ms] [ERROR] Failed to load resource: net::ERR_FAILED @ https://embed.tawk.to/5dd899b3d96992700fc8d446/default:0
[   83306ms] [VERBOSE] [DOM] Password field is not contained in a form: (More info: https://goo.gl/9p2vKq) %o @ https://my.racknerd.com/clientarea.php?action=productdetails&id=636073:0
[   83307ms] [VERBOSE] [DOM] Password field is not contained in a form: (More info: https://goo.gl/9p2vKq) %o @ https://my.racknerd.com/clientarea.php?action=productdetails&id=636073:0
[   83307ms] [VERBOSE] [DOM] Password field is not contained in a form: (More info: https://goo.gl/9p2vKq) %o @ https://my.racknerd.com/clientarea.php?action=productdetails&id=636073:0
[   83307ms] [VERBOSE] [DOM] Password field is not contained in a form: (More info: https://goo.gl/9p2vKq) %o @ https://my.racknerd.com/clientarea.php?action=productdetails&id=636073:0
[   83311ms] [ERROR] Access to script at 'https://embed.tawk.to/5dd899b3d96992700fc8d446/default' from origin 'https://my.racknerd.com' has been blocked by CORS policy: No 'Access-Control-Allow-Origin' header is present on the requested resource. @ https://my.racknerd.com/clientarea.php?action=productdetails&id=636073:0
[   83311ms] [ERROR] Failed to load resource: net::ERR_FAILED @ https://embed.tawk.to/5dd899b3d96992700fc8d446/default:0
[  103225ms] [VERBOSE] [DOM] Password field is not contained in a form: (More info: https://goo.gl/9p2vKq) %o @ https://my.racknerd.com/clientarea.php?action=productdetails&id=636073&modop=custom&a=reboot:0
[  103226ms] [VERBOSE] [DOM] Password field is not contained in a form: (More info: https://goo.gl/9p2vKq) %o @ https://my.racknerd.com/clientarea.php?action=productdetails&id=636073&modop=custom&a=reboot:0
[  103226ms] [VERBOSE] [DOM] Password field is not contained in a form: (More info: https://goo.gl/9p2vKq) %o @ https://my.racknerd.com/clientarea.php?action=productdetails&id=636073&modop=custom&a=reboot:0
[  103226ms] [VERBOSE] [DOM] Password field is not contained in a form: (More info: https://goo.gl/9p2vKq) %o @ https://my.racknerd.com/clientarea.php?action=productdetails&id=636073&modop=custom&a=reboot:0
[  103330ms] [ERROR] Access to script at 'https://embed.tawk.to/5dd899b3d96992700fc8d446/default' from origin 'https://my.racknerd.com' has been blocked by CORS policy: No 'Access-Control-Allow-Origin' header is present on the requested resource. @ https://my.racknerd.com/clientarea.php?action=productdetails&id=636073&modop=custom&a=reboot:0
[  103330ms] [ERROR] Failed to load resource: net::ERR_FAILED @ https://embed.tawk.to/5dd899b3d96992700fc8d446/default:0
[  368032ms] [VERBOSE] [DOM] Password field is not contained in a form: (More info: https://goo.gl/9p2vKq) %o @ https://my.racknerd.com/clientarea.php?action=productdetails&id=636073:0
[  368032ms] [VERBOSE] [DOM] Password field is not contained in a form: (More info: https://goo.gl/9p2vKq) %o @ https://my.racknerd.com/clientarea.php?action=productdetails&id=636073:0
[  368032ms] [VERBOSE] [DOM] Password field is not contained in a form: (More info: https://goo.gl/9p2vKq) %o @ https://my.racknerd.com/clientarea.php?action=productdetails&id=636073:0
[  368032ms] [VERBOSE] [DOM] Password field is not contained in a form: (More info: https://goo.gl/9p2vKq) %o @ https://my.racknerd.com/clientarea.php?action=productdetails&id=636073:0
[  368357ms] [ERROR] Access to script at 'https://embed.tawk.to/5dd899b3d96992700fc8d446/default' from origin 'https://my.racknerd.com' has been blocked by CORS policy: No 'Access-Control-Allow-Origin' header is present on the requested resource. @ https://my.racknerd.com/clientarea.php?action=productdetails&id=636073:0
[  368357ms] [ERROR] Failed to load resource: net::ERR_FAILED @ https://embed.tawk.to/5dd899b3d96992700fc8d446/default:0
